[11-Jul-2017 21:36:43 UTC] PHP Fatal error:  Namespace declaration statement has to be the very first statement in the script in C:\Bitnami\wappstack-5.6.30-2\apache2\htdocs\GIOSS_DEV_STARTER_VER\app\Classes\AAC.php on line 4
[12-Jul-2017 13:27:10 UTC] PHP Parse error:  syntax error, unexpected ')' in C:\Bitnami\wappstack-5.6.30-2\apache2\htdocs\GIOSS_DEV_STARTER_VER\app\Classes\AAC.php on line 279
[12-Jul-2017 13:38:43 UTC] PHP Parse error:  syntax error, unexpected 'else' (T_ELSE) in C:\Bitnami\wappstack-5.6.30-2\apache2\htdocs\GIOSS_DEV_STARTER_VER\app\Classes\AAC.php on line 148
[12-Jul-2017 15:35:16 UTC] PHP Fatal error:  Cannot use App\Models\EntidadesSectorSalud as EntidadesSectorSalud because the name is already in use in C:\Bitnami\wappstack-5.6.30-2\apache2\htdocs\GIOSS_DEV_STARTER_VER\app\Classes\ARQ.php on line 27
[12-Jul-2017 15:43:28 UTC] PHP Fatal error:  Class 'App\Classes\ARQ' not found in C:\Bitnami\wappstack-5.6.30-2\apache2\htdocs\GIOSS_DEV_STARTER_VER\app\Http\Controllers\filesController.php on line 105
[12-Jul-2017 16:28:10 UTC] PHP Parse error:  syntax error, unexpected ')', expecting ']' in C:\Bitnami\wappstack-5.6.30-2\apache2\htdocs\GIOSS_DEV_STARTER_VER\app\Classes\FileValidator.php on line 140
[12-Jul-2017 16:29:42 UTC] PHP Fatal error:  Access level to App\Models\ProtocoloQuimioterapia::$timestamps must be public (as in class Illuminate\Database\Eloquent\Model) in C:\Bitnami\wappstack-5.6.30-2\apache2\htdocs\GIOSS_DEV_STARTER_VER\app\Models\ProtocoloQuimioterapia.php on line 0
[13-Jul-2017 16:17:47 UTC] PHP Fatal error:  Call to undefined method App\Classes\AVA::validateAEH() in C:\Bitnami\wappstack-5.6.30-2\apache2\htdocs\GIOSS_DEV_STARTER_VER\app\Classes\AVA.php on line 116
[13-Jul-2017 16:22:18 UTC] PHP Parse error:  syntax error, unexpected 'where' (T_STRING) in C:\Bitnami\wappstack-5.6.30-2\apache2\htdocs\GIOSS_DEV_STARTER_VER\app\Classes\APS.php on line 336
[13-Jul-2017 16:39:03 UTC] PHP Fatal error:  Class 'App\Classes\Ambito' not found in C:\Bitnami\wappstack-5.6.30-2\apache2\htdocs\GIOSS_DEV_STARTER_VER\app\Classes\APS.php on line 395
[13-Jul-2017 19:15:12 UTC] PHP Fatal error:  Allowed memory size of 134217728 bytes exhausted (tried to allocate 10001 bytes) in C:\Bitnami\wappstack-5.6.30-2\apache2\htdocs\GIOSS_DEV_STARTER_VER\app\Classes\AAC.php on line 110
[14-Jul-2017 13:48:40 UTC] PHP Fatal error:  Allowed memory size of 134217728 bytes exhausted (tried to allocate 10001 bytes) in C:\Bitnami\wappstack-5.6.30-2\apache2\htdocs\GIOSS_DEV_STARTER_VER\app\Classes\AAC.php on line 110
[14-Jul-2017 15:40:23 UTC] PHP Fatal error:  Allowed memory size of 1073741824 bytes exhausted (tried to allocate 10001 bytes) in C:\Bitnami\wappstack-5.6.30-2\apache2\htdocs\GIOSS_DEV_STARTER_VER\app\Classes\AAC.php on line 110
[17-Jul-2017 14:53:32 UTC] PHP Fatal error:  Class 'App\Http\Controllers\ARC' not found in C:\Bitnami\wappstack-5.6.30-2\apache2\htdocs\GIOSS_DEV_STARTER_VER\app\Http\Controllers\filesController.php on line 111
[17-Jul-2017 14:55:28 UTC] PHP Fatal error:  Class 'App\Http\Controllers\ARC' not found in C:\Bitnami\wappstack-5.6.30-2\apache2\htdocs\GIOSS_DEV_STARTER_VER\app\Http\Controllers\filesController.php on line 111
[17-Jul-2017 15:03:00 UTC] PHP Parse error:  syntax error, unexpected '}' in C:\Bitnami\wappstack-5.6.30-2\apache2\htdocs\GIOSS_DEV_STARTER_VER\app\Classes\ARC.php on line 499
[17-Jul-2017 15:05:45 UTC] PHP Parse error:  syntax error, unexpected '}' in C:\Bitnami\wappstack-5.6.30-2\apache2\htdocs\GIOSS_DEV_STARTER_VER\app\Classes\ARC.php on line 539
[18-Jul-2017 16:06:54 UTC] PHP Parse error:  syntax error, unexpected ')', expecting ']' in C:\Bitnami\wappstack-5.6.30-2\apache2\htdocs\GIOSS_DEV_STARTER_VER\app\Classes\AEH.php on line 299
[18-Jul-2017 16:09:18 UTC] PHP Parse error:  syntax error, unexpected ')', expecting ']' in C:\Bitnami\wappstack-5.6.30-2\apache2\htdocs\GIOSS_DEV_STARTER_VER\app\Classes\AEH.php on line 299
[18-Jul-2017 16:10:32 UTC] PHP Parse error:  syntax error, unexpected ')', expecting ']' in C:\Bitnami\wappstack-5.6.30-2\apache2\htdocs\GIOSS_DEV_STARTER_VER\app\Classes\AEH.php on line 299
[24-Jul-2017 20:58:51 UTC] PHP Fatal error:  Call to undefined function App\Classes\error() in C:\Bitnami\wappstack-5.6.30-2\apache2\htdocs\GIOSS_DEV_STARTER_VER\app\Classes\AEH.php on line 257
[28-Jul-2017 19:32:47 UTC] PHP Fatal error:  Class 'App\Http\Controllers\Log' not found in C:\Bitnami\wappstack-5.6.30-2\apache2\htdocs\GIOSS_DEV_STARTER_VER\app\Http\Controllers\DepartamentoController.php on line 12
[18-Aug-2017 14:05:51 UTC] PHP Parse error:  syntax error, unexpected ')' in C:\Bitnami\wappstack-5.6.30-2\apache2\htdocs\GIOSS_DEV_STARTER_VER\app\Classes\AAC.php on line 364
[18-Aug-2017 14:08:14 UTC] PHP Parse error:  syntax error, unexpected '{' in C:\Bitnami\wappstack-5.6.30-2\apache2\htdocs\GIOSS_DEV_STARTER_VER\app\Classes\AAC.php on line 434
[04-Sep-2017 21:50:52 UTC] PHP Parse error:  syntax error, unexpected ')', expecting ']' in C:\Bitnami\wappstack-5.6.30-2\apache2\htdocs\GIOSS_DEV_STARTER_VER\app\Classes\AMS.php on line 395
[15-Sep-2017 19:31:13 UTC] PHP Parse error:  syntax error, unexpected '|' in C:\Bitnami\wappstack-5.6.30-2\apache2\htdocs\GIOSS_DEV_STARTER_VER\app\Classes\AAC.php on line 40
[29-Sep-2017 20:54:32 UTC] PHP Fatal error:  Class 'App\Http\Controllers\Log' not found in C:\Bitnami\wappstack-5.6.30-2\apache2\htdocs\GIOSS_DEV_STARTER_VER\app\Http\Controllers\usersController.php on line 92
[29-Sep-2017 20:56:28 UTC] PHP Fatal error:  Class 'App\Http\Controllers\Log' not found in C:\Bitnami\wappstack-5.6.30-2\apache2\htdocs\GIOSS_DEV_STARTER_VER\app\Http\Controllers\usersController.php on line 92
[02-Oct-2017 13:45:56 UTC] PHP Parse error:  syntax error, unexpected '->' (T_OBJECT_OPERATOR) in C:\Bitnami\wappstack-5.6.30-2\apache2\htdocs\GIOSS_DEV_STARTER_VER\app\Http\Controllers\usersController.php on line 86
